<testsuites id="" name="" tests="2" failures="0" skipped="0" errors="0" time="18.533">
<testsuite name="src\specs\example.spec.ts" timestamp="1655992129817" hostname="" tests="2" failures="0" skipped="0" time="26.003" errors="0">
<testcase name="feature examples Navigate to Google" classname="[firefox] › src\specs\example.spec.ts:10:3 › feature examples › Navigate to Google" time="9.205">
</testcase>
<testcase name="feature examples Search for Playwright" classname="[firefox] › src\specs\example.spec.ts:15:3 › feature examples › Search for Playwright" time="16.798">
<system-out>
Playwright: Fast and reliable end-to-end testing for modern ...

</system-out>
</testcase>
</testsuite>
</testsuites>